2023/12/19 13:57:43
NOAA's Vertical Datum Transformation v4.6.1

                           INPUT                      OUTPUT                     
Coordinate System:         Geographic                 Geographic                 
Horizontal Datum:          NAD83_2011                 NAD83_2011                 
Vertical Datum:            MHHW                       NAVD88                     
Vertical Unit:             m                          m                          
Height/Sounding:           height                     height                     
GEOID model:               geoid18                    geoid18                    
In Epoch/Out Epoch:        0.0                        0.0                        
Vertical Area:             FLapalach01_8301                                      
TSS Model:                 1                                                     
Tidal Model:               0                                                     
Vertical Uncertainty:      0.0830963 meter                                       
Vertical Area:             FLwest01_8301                                         
TSS Model:                 1                                                     
Tidal Model:               0                                                     
Vertical Uncertainty:      0.1168033 meter                                       
Vertical Area:             FLsouth12_8301                                        
TSS Model:                 2                                                     
Tidal Model:               1                                                     
Vertical Uncertainty:      0.0716729 meter                                       
Vertical Area:             ALFLgom02_8301                                        
TSS Model:                 2                                                     
Tidal Model:               0                                                     
Vertical Uncertainty:      0.0567715 meter                                       

From: L:\Priv\SHC_1012\Florida ROAR\Data\Hazards\Processing\SeaLevelRise\VDatum\FLROAR_20231219_NWLON_Stn.txt
To: L:\Priv\SHC_1012\Florida ROAR\Data\Hazards\Processing\SeaLevelRise\VDatum\result\FLROAR_20231219_NWLON_Stn.txt
Number of processed Points: 5
Number of valid-transform Points: 5
Number of points in this output file (NODATA points were excluded): 5


WKT:
GEOGCS["NAD83",
    DATUM["North_American_Datum_1983",
        SPHEROID["GRS 1980",6378137,298.257222101,
            AUTHORITY["EPSG","7019"]],
        TOWGS84[0,0,0,0,0,0,0],
        AUTHORITY["EPSG","6269"]],
    PRIMEM["Greenwich",0,
        AUTHORITY["EPSG","8901"]],
    UNIT["degree",0.0174532925199433,
        AUTHORITY["EPSG","9122"]],
    AUTHORITY["EPSG","4269"]]