2023/12/20 08:24:27
NOAA's Vertical Datum Transformation v4.6.1

                           INPUT                      OUTPUT                     
Coordinate System:         Geographic                 Geographic                 
Horizontal Datum:          NAD83_2011                 NAD83_2011                 
Vertical Datum:            MHHW                       NAVD88                     
Vertical Unit:             m                          m                          
Height/Sounding:           height                     height                     
GEOID model:               geoid12b                   geoid12b                   
In Epoch/Out Epoch:        0.0                        0.0                        
Vertical Area:             FLGAeastbays31_8301                                   
TSS Model:                 1                                                     
Tidal Model:               3                                                     
Vertical Uncertainty:      0.0929408 meter                                       
Vertical Area:             FLapalach01_8301                                      
TSS Model:                 1                                                     
Tidal Model:               0                                                     
Vertical Uncertainty:      0.0830963 meter                                       

From: L:\Priv\SHC_1012\Florida ROAR\Data\Hazards\Processing\SeaLevelRise\VDatum\FLROAR20231215_FL_West_2_pts.txt
To: L:\Priv\SHC_1012\Florida ROAR\Data\Hazards\Processing\SeaLevelRise\VDatum\result\FLROAR20231215_FL_West_2_pts.txt
Number of processed Points: 92106
Number of valid-transform Points: 23392
Number of points in this output file: 92106
Number of points in non-tidal areas: 336


WKT:
GEOGCS["NAD83",
    DATUM["North_American_Datum_1983",
        SPHEROID["GRS 1980",6378137,298.257222101,
            AUTHORITY["EPSG","7019"]],
        TOWGS84[0,0,0,0,0,0,0],
        AUTHORITY["EPSG","6269"]],
    PRIMEM["Greenwich",0,
        AUTHORITY["EPSG","8901"]],
    UNIT["degree",0.0174532925199433,
        AUTHORITY["EPSG","9122"]],
    AUTHORITY["EPSG","4269"]]