2023/12/20 08:22:03
NOAA's Vertical Datum Transformation v4.6.1

                           INPUT                      OUTPUT                     
Coordinate System:         Geographic                 Geographic                 
Horizontal Datum:          NAD83_2011                 NAD83_2011                 
Vertical Datum:            MHHW                       NAVD88                     
Vertical Unit:             m                          m                          
Height/Sounding:           height                     height                     
GEOID model:               geoid12b                   geoid12b                   
In Epoch/Out Epoch:        0.0                        0.0                        
Vertical Area:             FLpensac02_8301                                       
TSS Model:                 2                                                     
Tidal Model:               0                                                     
Vertical Uncertainty:      0.0589322 meter                                       
Vertical Area:             FLandrew02_8301                                       
TSS Model:                 2                                                     
Tidal Model:               0                                                     
Vertical Uncertainty:      0.0542863 meter                                       
Vertical Area:             ALFLgom02_8301                                        
TSS Model:                 2                                                     
Tidal Model:               0                                                     
Vertical Uncertainty:      0.0567715 meter                                       
Vertical Area:             FLapalach01_8301                                      
TSS Model:                 1                                                     
Tidal Model:               0                                                     
Vertical Uncertainty:      0.0830963 meter                                       
Vertical Area:             FLjoseph03_8301                                       
TSS Model:                 3                                                     
Tidal Model:               0                                                     
Vertical Uncertainty:      0.0576281 meter                                       

From: L:\Priv\SHC_1012\Florida ROAR\Data\Hazards\Processing\SeaLevelRise\VDatum\FLROAR20231215_FL_Pan_East_pts.txt
To: L:\Priv\SHC_1012\Florida ROAR\Data\Hazards\Processing\SeaLevelRise\VDatum\result\FLROAR20231215_FL_Pan_East_pts.txt
Number of processed Points: 154037
Number of valid-transform Points: 53184
Number of points in this output file: 154037
Number of points in non-tidal areas: 876


WKT:
GEOGCS["NAD83",
    DATUM["North_American_Datum_1983",
        SPHEROID["GRS 1980",6378137,298.257222101,
            AUTHORITY["EPSG","7019"]],
        TOWGS84[0,0,0,0,0,0,0],
        AUTHORITY["EPSG","6269"]],
    PRIMEM["Greenwich",0,
        AUTHORITY["EPSG","8901"]],
    UNIT["degree",0.0174532925199433,
        AUTHORITY["EPSG","9122"]],
    AUTHORITY["EPSG","4269"]]